<?xml version="1.0" encoding="UTF-8"?>
<!-- Generated by org.testng.reporters.JUnitReportReporter -->
<testsuite hostname="DESKTOP-RIVO21Q" failures="0" tests="3" name="testNG.TestNg" time="0.025" errors="0" timestamp="2022-11-03T22:26:00 IST" skipped="0">
  <testcase classname="testNG.TestNg" name="TC2" time="0.011"/>
  <system-out>
    <![CDATA[running test case 2]]>
  </system-out>
  <testcase classname="testNG.TestNg" name="TC3" time="0.002"/>
  <system-out>
    <![CDATA[running test case 3]]>
  </system-out>
  <testcase classname="testNG.TestNg" name="TC1" time="0.012"/>
  <system-out>
    <![CDATA[running test case 1]]>
  </system-out>
</testsuite> <!-- testNG.TestNg -->
