<?xml version="1.0" encoding="UTF-8"?>
<!-- Generated by org.testng.reporters.JUnitReportReporter -->
<testsuite hostname="DESKTOP-RIVO21Q" failures="0" tests="4" name="testNG.TestNG_Annotation" time="0.019" errors="0" timestamp="2022-11-04T19:07:11 IST" skipped="1">
  <testcase classname="testNG.TestNG_Annotation" name="TC2" time="0.003"/>
  <system-out>
    <![CDATA[running test case 2]]>
  </system-out>
  <testcase classname="testNG.TestNG_Annotation" name="TC1" time="0.004"/>
  <system-out>
    <![CDATA[running test case 1]]>
  </system-out>
  <testcase classname="testNG.TestNG_Annotation" name="TC1" time="0.012"/>
  <system-out>
    <![CDATA[running test case 1]]>
  </system-out>
  <testcase classname="testNG.TestNG_Annotation" name="TC3">
    <skipped/>
  </testcase> <!-- TC3 -->
  <system-out/>
</testsuite> <!-- testNG.TestNG_Annotation -->
