<?xml version="1.0" encoding="UTF-8"?>
<!-- Generated by org.testng.reporters.JUnitReportReporter -->
<testsuite hostname="DESKTOP-RIVO21Q" failures="0" tests="3" name="testNG.parallel4" time="0.023" errors="0" timestamp="2022-11-10T22:33:41 IST" skipped="0">
  <testcase classname="testNG.parallel4" name="TC2" time="0.005"/>
  <system-out>
    <![CDATA[running TC2]]>
  </system-out>
  <testcase classname="testNG.parallel4" name="TC1" time="0.012"/>
  <system-out>
    <![CDATA[running TC1]]>
  </system-out>
  <testcase classname="testNG.parallel4" name="TC3" time="0.006"/>
  <system-out>
    <![CDATA[running TC3]]>
  </system-out>
</testsuite> <!-- testNG.parallel4 -->
