<?xml version="1.0" encoding="UTF-8"?>
<!-- Generated by org.testng.reporters.JUnitReportReporter -->
<testsuite hostname="DESKTOP-RIVO21Q" failures="0" tests="3" name="testNG.TestClass1" time="0.019" errors="0" timestamp="2022-11-07T22:14:34 IST" skipped="0">
  <testcase classname="testNG.TestClass1" name="TC2" time="0.002"/>
  <system-out>
    <![CDATA[running TC2]]>
  </system-out>
  <testcase classname="testNG.TestClass1" name="TC3" time="0.002"/>
  <system-out>
    <![CDATA[running TC3]]>
  </system-out>
  <testcase classname="testNG.TestClass1" name="TC1" time="0.015"/>
  <system-out>
    <![CDATA[running TC1]]>
  </system-out>
</testsuite> <!-- testNG.TestClass1 -->
