<?xml version="1.0" encoding="UTF-8"?>
<!-- Generated by org.testng.reporters.JUnitReportReporter -->
<testsuite hostname="DESKTOP-RIVO21Q" failures="0" tests="2" name="testNG.Grouping_Of_TestCases" time="0.033" errors="0" timestamp="2022-11-09T18:33:57 IST" skipped="0">
  <testcase classname="testNG.Grouping_Of_TestCases" name="TC1" time="0.030"/>
  <system-out>
    <![CDATA[running tc 1]]>
  </system-out>
  <testcase classname="testNG.Grouping_Of_TestCases" name="TC3" time="0.003"/>
  <system-out>
    <![CDATA[running tc 3]]>
  </system-out>
</testsuite> <!-- testNG.Grouping_Of_TestCases -->
