<?xml version="1.0" encoding="UTF-8"?>
<!-- Generated by org.testng.reporters.JUnitReportReporter -->
<testsuite hostname="DESKTOP-RIVO21Q" failures="0" tests="2" name="testNG.MultiBrowser_Testing" time="56.516" errors="0" timestamp="2022-11-11T19:52:17 IST" skipped="0">
  <testcase classname="testNG.MultiBrowser_Testing" name="OpenBrowser" time="30.171"/>
  <system-out/>
  <testcase classname="testNG.MultiBrowser_Testing" name="OpenBrowser" time="26.345"/>
  <system-out/>
</testsuite> <!-- testNG.MultiBrowser_Testing -->
