<?xml version="1.0" encoding="UTF-8"?>
<!-- Generated by org.testng.reporters.JUnitReportReporter -->
<testsuite hostname="DESKTOP-RIVO21Q" failures="0" tests="1" name="testNG.AssertClass_Methods_For_Validation" time="0.013" errors="0" timestamp="2022-11-07T22:39:20 IST" skipped="0">
  <testcase classname="testNG.AssertClass_Methods_For_Validation" name="TC1" time="0.013"/>
  <system-out/>
</testsuite> <!-- testNG.AssertClass_Methods_For_Validation -->
