<?xml version="1.0" encoding="UTF-8"?>
<!-- Generated by org.testng.reporters.JUnitReportReporter -->
<testsuite hostname="DESKTOP-RIVO21Q" failures="0" tests="3" name="testNG.HowTo_Disable_TC_Execution" time="0.014" errors="0" timestamp="2022-11-09T18:18:06 IST" skipped="1">
  <testcase classname="testNG.HowTo_Disable_TC_Execution" name="TC5" time="0.001"/>
  <system-out>
    <![CDATA[running tc 5]]>
  </system-out>
  <testcase classname="testNG.HowTo_Disable_TC_Execution" name="TC2" time="0.013"/>
  <system-out>
    <![CDATA[running tc 2]]>
  </system-out>
  <testcase classname="testNG.HowTo_Disable_TC_Execution" name="TC1">
    <skipped/>
  </testcase> <!-- TC1 -->
  <system-out/>
</testsuite> <!-- testNG.HowTo_Disable_TC_Execution -->
