<?xml version="1.0" encoding="UTF-8"?>
<!-- Generated by org.testng.reporters.JUnitReportReporter -->
<testsuite hostname="DESKTOP-RIVO21Q" failures="0" tests="2" name="testNG.Testclass2" time="0.004" errors="0" timestamp="2022-11-07T22:14:34 IST" skipped="0">
  <testcase classname="testNG.Testclass2" name="TC4" time="0.002"/>
  <system-out>
    <![CDATA[running TC4]]>
  </system-out>
  <testcase classname="testNG.Testclass2" name="TC5" time="0.002"/>
  <system-out>
    <![CDATA[running TC5]]>
  </system-out>
</testsuite> <!-- testNG.Testclass2 -->
