<?xml version="1.0" encoding="UTF-8"?>
<!-- Generated by org.testng.reporters.JUnitReportReporter -->
<testsuite hostname="DESKTOP-RIVO21Q" failures="0" tests="3" name="testNG.parallel3" time="0.024" errors="0" timestamp="2022-11-10T22:33:41 IST" skipped="0">
  <testcase classname="testNG.parallel3" name="TC1" time="0.012"/>
  <system-out>
    <![CDATA[running TC1]]>
  </system-out>
  <testcase classname="testNG.parallel3" name="TC2" time="0.004"/>
  <system-out>
    <![CDATA[running TC2]]>
  </system-out>
  <testcase classname="testNG.parallel3" name="TC3" time="0.008"/>
  <system-out>
    <![CDATA[running TC3]]>
  </system-out>
</testsuite> <!-- testNG.parallel3 -->
