<?xml version="1.0" encoding="UTF-8"?>
<!-- Generated by org.testng.reporters.JUnitReportReporter -->
<testsuite hostname="DESKTOP-RIVO21Q" failures="0" tests="1" name="Upstox.UpstoxTestClass" time="6.211" errors="0" timestamp="2022-11-12T20:06:21 IST" skipped="0">
  <testcase classname="Upstox.UpstoxTestClass" name="VerifyUserId" time="6.211"/>
  <system-out/>
</testsuite> <!-- Upstox.UpstoxTestClass -->
